"../../../Engine/Content/Functions/Engine_MaterialFunctions02/Math/MultiplyAdd.uasset" 0
"../../../Engine/Content/Functions/Engine_MaterialFunctions02/Utility/MakeFloat2.uasset" 1
"../../../Engine/Content/EngineMaterials/BlendFunc_DefBase.uasset" 2
"../../../Engine/Content/EngineMaterials/BlendFunc_DefBlend.uasset" 3
"../../../Engine/Content/Functions/Engine_MaterialFunctions03/Blends/Blend_Overlay.uasset" 4
"../../../Engine/Content/EngineMaterials/DefaultDiffuse.uasset" 5
"../../../Engine/Content/EngineMaterials/DefaultNormal.uasset" 6
"../../../Engine/Content/EngineMaterials/DefaultWhiteGrid.uasset" 7
"../../../../../../mac/Documents/Unreal Projects/CubeRunner/Content/MS_ConcreteV2/Master_Materials/Decal_MasterMaterial.uasset" 8
"../../../Engine/Content/Functions/Engine_MaterialFunctions01/SpeedTree/SpeedTreeColorVariation.uasset" 9
"../../../../../../mac/Documents/Unreal Projects/CubeRunner/Content/MS_ConcreteV2/Master_Materials/Displacement_MasterMaterial.uasset" 10
"../../../../../../mac/Documents/Unreal Projects/CubeRunner/Content/MS_ConcreteV2/Master_Materials/BrushDecal_MasterMaterial.uasset" 11
"../../../Engine/Content/Functions/Engine_MaterialFunctions01/WorldPositionOffset/SimpleGrassWind.uasset" 12
"../../../../../../mac/Documents/Unreal Projects/CubeRunner/Content/MS_ConcreteV2/Master_Materials/Foliage_MasterMaterial.uasset" 13
"../../../../../../mac/Documents/Unreal Projects/CubeRunner/Content/MS_ConcreteV2/Master_Materials/Atlas_MasterMaterial.uasset" 14
"../../../Engine/Content/Functions/Engine_MaterialFunctions01/AlphaBlend/WorldAlignedBlend.uasset" 15
"../../../Engine/Content/Functions/Engine_MaterialFunctions01/Shading/FuzzyShading.uasset" 16
"../../../Engine/Content/Functions/Engine_MaterialFunctions02/Utility/VectorLength.uasset" 17
"../../../../../../mac/Documents/Unreal Projects/CubeRunner/Content/MS_ConcreteV2/Master_Materials/noise_mask.uasset" 18
"../../../../../../mac/Documents/Unreal Projects/CubeRunner/Content/MS_ConcreteV2/Master_Materials/noise_normal.uasset" 19
"../../../../../../mac/Documents/Unreal Projects/CubeRunner/Content/MS_ConcreteV2/Master_Materials/SurfaceBlend_MasterMaterial.uasset" 20
"../../../../../../mac/Documents/Unreal Projects/CubeRunner/Content/MS_ConcreteV2/Master_Materials/ChannelPackingSample.uasset" 21
"../../../../../../mac/Documents/Unreal Projects/CubeRunner/Content/MS_ConcreteV2/Master_Materials/Imperfection_MasterMaterial.uasset" 22
"../../../Engine/Content/Maps/Templates/Thumbnails/Default.uasset" 23
"../../../Engine/Content/Maps/Templates/Thumbnails/TimeOfDay.uasset" 24
"../../../Engine/Content/Maps/Templates/Thumbnails/VR-Basic.uasset" 25
"../../../Engine/Content/MobileResources/T_MobileControls_texture.uasset" 26
"../../../Engine/Content/MobileResources/T_MobileMenu2.uasset" 27
"../../../Engine/Content/MobileResources/HUD/MobileHUDDirectionPad3.uasset" 28
"../../../Engine/Content/MobileResources/HUD/MobileHUDButton2_off.uasset" 29
"../../../Engine/Content/MobileResources/HUD/MobileHUDButton3.uasset" 30
"../../../Engine/Content/MobileResources/HUD/T_Castle_ThumbstickInner.uasset" 31
"../../../Engine/Content/MobileResources/HUD/MobileHUDDirectionStick.uasset" 32
"../../../Engine/Content/MobileResources/HUD/VirtualJoystick_Background.uasset" 33
"../../../Engine/Content/MobileResources/HUD/VirtualJoystick_Thumb.uasset" 34
"../../../Engine/Content/MobileResources/HUD/DefaultVirtualJoysticks.uasset" 35
"../../../Engine/Content/MobileResources/HUD/T_Castle_ThumbstickOutter.uasset" 36
"../../../Engine/Content/MobileResources/HUD/MobileHUDButton2_on.uasset" 37
"../../../Engine/Content/MobileResources/HUD/MobileHUDDirectionPad2.uasset" 38
"../../../Engine/Content/MobileResources/HUD/MobileHUDDirectionPad.uasset" 39
"../../../Engine/Content/MobileResources/HUD/AnalogHat.uasset" 40
"../../../Engine/Content/MobileResources/HUD/MobileHUDButton1_on.uasset" 41
"../../../Engine/Content/MobileResources/HUD/MobileHUDButtonFire.uasset" 42
"../../../Engine/Content/MobileResources/HUD/LeftVirtualJoystickOnly.uasset" 43
"../../../Engine/Content/MobileResources/HUD/MobileHUDButton1_off.uasset" 44
"../../../Engine/Content/Tutorial/ContentIntroCurve.uasset" 45
"../../../Engine/Content/Tutorial/Basics/TutorialAssets/icon_tab_Levels_40x.uasset" 46
"../../../Engine/Content/Tutorial/Basics/LevelEditorOverview.uasset" 47
"../../../Engine/Content/Tutorial/Basics/LevelEditorAttract.uasset" 48
"../../../Engine/Content/Tutorial/Mobile/TutorialAssets/IOS.uasset" 49
"../../../Engine/Content/Tutorial/Mobile/CreatingSigningCertAndProvisionTutorial.uasset" 50
"../../../Engine/Content/EngineResources/DefaultTextureCube.uasset" 51
"../../../Engine/Content/EngineResources/DefaultTexture.uasset" 52
"../../../Engine/Content/EngineResources/Black.uasset" 53
"../../../Engine/Content/EngineResources/DefaultVolumeTexture2D.uasset" 54
"../../../Engine/Content/EngineResources/DefaultVolumeTexture.uasset" 55
"../../../Engine/Content/EngineResources/GradientTexture0.uasset" 56
"../../../Engine/Content/EditorLandscapeResources/DataLayer.uasset" 57
"../../../Engine/Content/EditorSounds/Notifications/CompileSuccess.uasset" 58
"../../../Engine/Content/EditorSounds/Notifications/CompileSuccess_Cue.uasset" 59
"../../../Engine/Content/EditorSounds/Notifications/CompileFailed.uasset" 60
"../../../Engine/Content/EditorSounds/Notifications/CompileFailed_Cue.uasset" 61
"../../../Engine/Content/EditorSounds/Notifications/CompileStart_Cue.uasset" 62
"../../../Engine/Content/EditorMaterials/Camera/CineMat.uasset" 63
"../../../Engine/Content/EditorMaterials/Camera/MI_CineMat_Rig.uasset" 64
"../../../Engine/Content/EditorMeshes/Camera/SM_CraneRig_Body.uasset" 65
"../../../Engine/Content/EditorMeshes/Camera/SM_RailRig_Mount.uasset" 66
"../../../Engine/Content/EditorMeshes/Camera/SM_CraneRig_Base.uasset" 67
"../../../Engine/Content/EditorMeshes/Camera/SM_CraneRig_Mount.uasset" 68
"../../../Engine/Content/EditorMeshes/Camera/SM_CraneRig_Arm.uasset" 69
"../../../Engine/Content/EditorMeshes/Camera/SM_RailRig_Track.uasset" 70
"../../../Engine/Content/EngineFonts/Faces/DroidSansFallback.uasset" 71
"../../../Engine/Content/EngineFonts/Faces/RobotoBold.uasset" 72
"../../../Engine/Content/EngineFonts/Faces/RobotoBoldItalic.uasset" 73
"../../../Engine/Content/EngineFonts/Faces/RobotoItalic.uasset" 74
"../../../Engine/Content/EngineFonts/Faces/RobotoLight.uasset" 75
"../../../Engine/Content/EngineFonts/Faces/RobotoRegular.uasset" 76
"../../../Engine/Content/EngineFonts/Roboto.uasset" 77
"../../../Engine/Content/EngineDamageTypes/DmgTypeBP_Environmental.uasset" 78
"../../../Engine/Content/Functions/Engine_MaterialFunctions01/Opacity/CameraDepthFade.uasset" 79
"../../../Engine/Content/EngineMaterials/T_Default_Material_Grid_M.uasset" 80
"../../../Engine/Content/EngineMaterials/T_Default_Material_Grid_N.uasset" 81
"../../../Engine/Content/EngineMaterials/WorldGridMaterial.uasset" 82
"../../../Engine/Content/ArtTools/RenderToTexture/Meshes/S_1_Unit_Plane.uasset" 83
"../../../Engine/Content/Animation/DefaultAnimCurveCompressionSettings.uasset" 84
"../../../Engine/Content/EngineResources/WhiteSquareTexture.uasset" 85
"../../../Engine/Content/EngineMaterials/Widget3DPassThrough.uasset" 86
"../../../Engine/Content/EngineMaterials/Widget3DPassThrough_Masked.uasset" 87
"../../../Engine/Content/EngineMaterials/WeightMapPlaceholderTexture.uasset" 88
"../../../Engine/Content/EngineMaterials/Widget3DPassThrough_Translucent.uasset" 89
"../../../Engine/Content/EngineMaterials/Widget3DPassThrough_Translucent_OneSided.uasset" 90
"../../../Engine/Content/Functions/Engine_MaterialFunctions02/WorldPositionOffset/CameraOffset.uasset" 91
"../../../Engine/Content/EngineMaterials/PhAT_JointLimitMaterial.uasset" 92
"../../../Engine/Content/EngineMaterials/GizmoMaterial.uasset" 93
"../../../Engine/Content/EngineMaterials/BlueNoise.uasset" 94
"../../../Engine/Content/EngineMaterials/DefaultWhiteGrid_Low.uasset" 95
"../../../Engine/Content/EngineMaterials/EmissiveMeshMaterial.uasset" 96
"../../../Engine/Content/EngineMaterials/Widget3DPassThrough_Opaque.uasset" 97
"../../../Engine/Content/EngineMaterials/Widget3DPassThrough_Masked_OneSided.uasset" 98
"../../../Engine/Content/EngineMaterials/Good64x64TilingNoiseHighFreq.uasset" 99
"../../../Engine/Content/EngineMaterials/DefaultBloomKernel.uasset" 100
"../../../Engine/Content/EngineMaterials/RemoveSurfaceMaterial.uasset" 101
"../../../Engine/Content/EngineMaterials/DefaultDeferredDecalMaterial.uasset" 102
"../../../Engine/Content/EngineMaterials/HairDefaultMaterial.uasset" 103
"../../../Engine/Content/Functions/Engine_MaterialFunctions02/Utility/BreakOutFloat2Components.uasset" 104
"../../../Engine/Content/EngineMaterials/DefaultPostProcessMaterial.uasset" 105
"../../../Engine/Content/EngineMaterials/DefaultPhysicalMaterial.uasset" 106
"../../../Engine/Content/EngineMaterials/BaseFlattenDiffuseMap.uasset" 107
"../../../Engine/Content/EngineMaterials/BaseFlattenEmissiveMap.uasset" 108
"../../../Engine/Content/EngineMaterials/BaseFlattenGrayscaleMap.uasset" 109
"../../../Engine/Content/EngineMaterials/BaseFlattenNormalMap.uasset" 110
"../../../Engine/Content/EngineMaterials/BaseFlattenMaterial.uasset" 111
"../../../Engine/Content/EngineMaterials/InvalidLightmapSettings.uasset" 112
"../../../Engine/Content/EngineMaterials/M_InvalidLightmapSettings.uasset" 113
"../../../Engine/Content/EngineFonts/RobotoDistanceField.uasset" 114
"../../../Engine/Content/EngineMaterials/DefaultTextMaterialOpaque.uasset" 115
"../../../Engine/Content/EngineMaterials/PreintegratedSkinBRDF.uasset" 116
"../../../Engine/Content/EngineMaterials/DefaultVirtualTextureMaterial.uasset" 117
"../../../Engine/Content/EngineMaterials/Widget3DPassThrough_Opaque_OneSided.uasset" 118
"../../../Engine/Content/EngineMaterials/DefaultBokeh.uasset" 119
"../../../Engine/Content/EngineMaterials/DefaultLightFunctionMaterial.uasset" 120
"../../../Engine/Content/EngineMaterials/MiniFont.uasset" 121
"../../../Engine/Content/EngineDebugMaterials/DebugEditorMaterial.uasset" 122
"../../../Engine/Content/EngineDebugMaterials/WireframeMaterial.uasset" 123
"../../../Engine/Content/Functions/Engine_MaterialFunctions02/Utility/CameraDirectionVector.uasset" 124
"../../../Engine/Content/EngineDebugMaterials/VolumeToRender.uasset" 125
"../../../Engine/Content/EngineDebugMaterials/M_VolumeRenderSphereTracePP.uasset" 126
"../../../Engine/Content/EngineDebugMaterials/DebugMeshMaterial.uasset" 127
"../../../Engine/Content/EngineDebugMaterials/M_SimpleTranslucent.uasset" 128
"../../../Engine/Content/EditorResources/S_Note.uasset" 129
"../../../Engine/Content/EditorResources/S_Solver.uasset" 130
"../../../Engine/Content/EditorResources/S_Trigger.uasset" 131
"../../../Engine/Content/EditorResources/S_Actor.uasset" 132
"../../../Engine/Content/EditorResources/EmptyActor.uasset" 133
"../../../Engine/Content/EditorResources/BSPVertex.uasset" 134
"../../../Engine/Content/EditorResources/SequenceRecorder/Countdown.uasset" 135
"../../../Engine/Content/EditorResources/SequenceRecorder/RecordingIndicator.uasset" 136
"../../../Engine/Content/EditorResources/LightIcons/S_LightError.uasset" 137
"../../../Engine/Content/EngineMaterials/DefaultMaterial.uasset" 138
"../../../Engine/Content/BasicShapes/Cone.uasset" 139
"../../../Engine/Content/BasicShapes/Cube.uasset" 140
"../../../Engine/Content/BasicShapes/Cylinder.uasset" 141
"../../../Engine/Content/BasicShapes/Plane.uasset" 142
"../../../Engine/Content/BasicShapes/Sphere.uasset" 143
"../../../Engine/Content/Functions/Engine_MaterialFunctions01/Shading/ConvertFromDiffSpec.uasset" 144
"../../../Engine/Content/Functions/Engine_MaterialFunctions01/Shading/PowerToRoughness.uasset" 145
"../../../Engine/Content/EditorMaterials/PreviewShadowIndicator.uasset" 146
"../../../Engine/Content/EditorMaterials/PreviewShadowIndicatorMaterial.uasset" 147
"../../../Engine/Content/EditorMaterials/MAT_Groups_Toggle.uasset" 148
"../../../Engine/Content/EditorMaterials/MAT_Groups_Visibility.uasset" 149
"../../../Engine/Content/EditorMaterials/ParticleSystems/PSysThumbnail_NoImage.uasset" 150
"../../../Engine/Content/EditorMaterials/ParticleSystems/PSysThumbnail_OOD.uasset" 151
"../../../Engine/Content/EditorMaterials/MatineeGroups/MAT_Groups_Vector.uasset" 152
"../../../Engine/Content/EditorMaterials/MatineeGroups/MAT_ColorTrack.uasset" 153
"../../../Engine/Content/EditorMaterials/MatineeGroups/MAT_Groups_AudioMaster.uasset" 154
"../../../Engine/Content/EditorMaterials/MatineeGroups/MAT_Groups_Sound.uasset" 155
"../../../Engine/Content/EditorMaterials/MatineeGroups/MAT_Groups_Float.uasset" 156
"../../../Engine/Content/EditorMaterials/MatineeGroups/MAT_Groups_Director.uasset" 157
"../../../Engine/Content/EditorMaterials/MatineeGroups/MAT_Groups_Move.uasset" 158
"../../../Engine/Content/EditorMaterials/MatineeGroups/MAT_Groups_Event.uasset" 159
"../../../Engine/Content/EditorMaterials/MatineeGroups/MAT_Groups_Fade.uasset" 160
"../../../Engine/Content/EditorMaterials/MatineeGroups/MAT_Groups_Anim.uasset" 161
"../../../Engine/Content/EditorMaterials/MatineeGroups/MAT_Groups_Slomo.uasset" 162
"../../../Engine/Content/EngineSounds/Master.uasset" 163
"../../../Engine/Content/EngineMeshes/Cylinder.uasset" 164
"../../../Engine/Content/EngineMeshes/Sphere.uasset" 165
"../../../Engine/Content/VREditor/LaserPointer/VR_LaserPower_01.uasset" 166
"../../../Engine/Content/VREditor/TransformGizmo/TransformGizmoMaterial.uasset" 167
"../../../Engine/Content/VREditor/TransformGizmo/TranslucentTransformGizmoMaterial.uasset" 168
"../../../Engine/Content/VREditor/TransformGizmo/PlaneTranslationHandle.uasset" 169
"../../../Engine/Content/VREditor/TransformGizmo/Main.uasset" 170
"../../../Engine/Content/VREditor/TransformGizmo/Xray.uasset" 171
"../../../Engine/Content/VREditor/TransformGizmo/SM_Sequencer_Key.uasset" 172
"../../../Engine/Content/VREditor/TransformGizmo/BoundingBoxCorner.uasset" 173
"../../../Engine/Content/VREditor/TransformGizmo/SM_Sequencer_Node.uasset" 174
"../../../Engine/Content/VREditor/TransformGizmo/BoundingBoxEdge.uasset" 175
"../../Plugins/2D/Paper2D/Content/PlaceholderTextures/DummySpriteTexture.uasset" 176
"../../Plugins/2D/Paper2D/Content/DummySpriteTexture.uasset" 177
"../../Plugins/2D/Paper2D/Content/DefaultSpriteMaterial.uasset" 178
"../../Plugins/2D/Paper2D/Content/OpaqueUnlitSpriteMaterial.uasset" 179
"../../Plugins/2D/Paper2D/Content/DummySprite.uasset" 180
"../../Plugins/2D/Paper2D/Content/DefaultPaperTerrainMaterial.uasset" 181
"../../Plugins/2D/Paper2D/Content/MaskedUnlitSpriteMaterial.uasset" 182
"../../../Engine/Content/BasicShapes/BasicShapeMaterial.uasset" 183
"../../../../../../mac/Documents/Unreal Projects/CubeRunner/Content/Meshes/StaticMesh.uasset" 184
"../../../../../../mac/Documents/Unreal Projects/CubeRunner/Content/Blueprints/BP_CRPawn.uasset" 185
"../../../../../../mac/Documents/Unreal Projects/CubeRunner/Content/Blueprints/BP_CRGameMode.uasset" 186
"../../../../../../mac/Documents/Unreal Projects/CubeRunner/Content/UI/Start_HUD.uasset" 187
"../../../../../../mac/Documents/Unreal Projects/CubeRunner/Content/MainMenu.umap" 188
"../../../Engine/Content/EditorBlueprintResources/StandardMacros.uasset" 189
"../../../Engine/Content/EngineSky/C_Sky_Cloud_Color.uasset" 190
"../../../Engine/Content/EngineSky/C_Sky_Horizon_Color.uasset" 191
"../../../Engine/Content/EngineSky/C_Sky_Zenith_Color.uasset" 192
"../../../Engine/Content/EngineSky/T_Sky_Blue.uasset" 193
"../../../Engine/Content/EngineSky/T_Sky_Clouds_M.uasset" 194
"../../../Engine/Content/EngineSky/T_Sky_Stars.uasset" 195
"../../../Engine/Content/EngineSky/M_Sky_Panning_Clouds2.uasset" 196
"../../../Engine/Content/EngineSky/SM_SkySphere.uasset" 197
"../../../Engine/Content/EngineSky/BP_Sky_Sphere.uasset" 198
"../../../../../../mac/Documents/Unreal Projects/CubeRunner/Content/Blueprints/BP_CREndPoint.uasset" 199
"../../../../../../mac/Documents/Unreal Projects/CubeRunner/Content/Blueprints/BP_CRObstacle.uasset" 200
"../../../../../../mac/Documents/Unreal Projects/CubeRunner/Content/Map1_BuiltData.uasset" 201
"../../../../../../mac/Documents/Unreal Projects/CubeRunner/Content/MS_ConcreteV2/Master_Materials/Standard_MasterMaterial.uasset" 202
"../../../../../../mac/Documents/Unreal Projects/CubeRunner/Content/MS_ConcreteV2/Surface/26_Smooth_Concrete_2x2_M_teriedeg/teriedeg_8K_Albedo.uasset" 203
"../../../../../../mac/Documents/Unreal Projects/CubeRunner/Content/MS_ConcreteV2/Surface/26_Smooth_Concrete_2x2_M_teriedeg/teriedeg_8K_Displacement.uasset" 204
"../../../../../../mac/Documents/Unreal Projects/CubeRunner/Content/MS_ConcreteV2/Surface/26_Smooth_Concrete_2x2_M_teriedeg/teriedeg_8K_Normal.uasset" 205
"../../../../../../mac/Documents/Unreal Projects/CubeRunner/Content/MS_ConcreteV2/Surface/26_Smooth_Concrete_2x2_M_teriedeg/teriedeg_8K_Roughness.uasset" 206
"../../../../../../mac/Documents/Unreal Projects/CubeRunner/Content/MS_ConcreteV2/Surface/26_Smooth_Concrete_2x2_M_teriedeg/26_Smooth_Concrete_2x2_M_teriedeg_8K_inst.uasset" 207
"../../../Engine/Content/MapTemplates/SM_Template_Map_Floor.uasset" 208
"../../../../../../mac/Documents/Unreal Projects/CubeRunner/Content/UI/Tut_HUD.uasset" 209
"../../../../../../mac/Documents/Unreal Projects/CubeRunner/Content/Map1.umap" 210
"../../../../../../mac/Documents/Unreal Projects/CubeRunner/Content/Map2_BuiltData.uasset" 211
"../../../../../../mac/Documents/Unreal Projects/CubeRunner/Content/Map2.umap" 212
"../../../../../../mac/Documents/Unreal Projects/CubeRunner/Content/Map3_BuiltData.uasset" 213
"../../../../../../mac/Documents/Unreal Projects/CubeRunner/Content/UI/FinalLevel_HUD.uasset" 214
"../../../../../../mac/Documents/Unreal Projects/CubeRunner/Content/Map3.umap" 215
"../../../../../../mac/Documents/Unreal Projects/CubeRunner/Content/Map4_BuiltData.uasset" 216
"../../../../../../mac/Documents/Unreal Projects/CubeRunner/Content/Map4.umap" 217
"../../../Engine/Content/Maps/Entry_BuiltData.uasset" 218
"../../../Engine/Content/Maps/Entry.umap" 219
